This is XeTeX, Version 3.141592653-2.6-0.999993 (TeX Live 2021) (preloaded format=xelatex 2021.12.8)  5 JAN 2022 09:28
entering extended mode
 restricted \write18 enabled.
 %&-line parsing enabled.
**Advanced-HTA.tex
(./Advanced-HTA.tex
LaTeX2e <2021-11-15> patch level 1
L3 programming layer <2021-11-22> (/home/rstudio/.TinyTeX/texmf-dist/tex/latex/base/book.cls
Document Class: book 2021/10/04 v1.4n Standard LaTeX document class
(/home/rstudio/.TinyTeX/texmf-dist/tex/latex/base/bk10.clo
File: bk10.clo 2021/10/04 v1.4n Standard LaTeX file (size option)
)
\c@part=\count179
\c@chapter=\count180
\c@section=\count181
\c@subsection=\count182
\c@subsubsection=\count183
\c@paragraph=\count184
\c@subparagraph=\count185
\c@figure=\count186
\c@table=\count187
\abovecaptionskip=\skip47
\belowcaptionskip=\skip48
\bibindent=\dimen138
) (/home/rstudio/.TinyTeX/texmf-dist/tex/latex/amsmath/amsmath.sty
Package: amsmath 2021/10/15 v2.17l AMS math features
\@mathmargin=\skip49
For additional information on amsmath, use the `?' option.
(/home/rstudio/.TinyTeX/texmf-dist/tex/latex/amsmath/amstext.sty
Package: amstext 2021/08/26 v2.01 AMS text
(/home/rstudio/.TinyTeX/texmf-dist/tex/latex/amsmath/amsgen.sty
File: amsgen.sty 1999/11/30 v2.0 generic functions
\@emptytoks=\toks16
\ex@=\dimen139
)) (/home/rstudio/.TinyTeX/texmf-dist/tex/latex/amsmath/amsbsy.sty
Package: amsbsy 1999/11/29 v1.2d Bold Symbols
\pmbraise@=\dimen140
) (/home/rstudio/.TinyTeX/texmf-dist/tex/latex/amsmath/amsopn.sty
Package: amsopn 2021/08/26 v2.02 operator names
)
\inf@bad=\count188
LaTeX Info: Redefining \frac on input line 234.
\uproot@=\count189
\leftroot@=\count190
LaTeX Info: Redefining \overline on input line 399.
\classnum@=\count191
\DOTSCASE@=\count192
LaTeX Info: Redefining \ldots on input line 496.
LaTeX Info: Redefining \dots on input line 499.
LaTeX Info: Redefining \cdots on input line 620.
\Mathstrutbox@=\box50
\strutbox@=\box51
\big@size=\dimen141
LaTeX Font Info:    Redeclaring font encoding OML on input line 743.
LaTeX Font Info:    Redeclaring font encoding OMS on input line 744.
\macc@depth=\count193
\c@MaxMatrixCols=\count194
\dotsspace@=\muskip16
\c@parentequation=\count195
\dspbrk@lvl=\count196
\tag@help=\toks17
\row@=\count197
\column@=\count198
\maxfields@=\count199
\andhelp@=\toks18
\eqnshift@=\dimen142
\alignsep@=\dimen143
\tagshift@=\dimen144
\tagwidth@=\dimen145
\totwidth@=\dimen146
\lineht@=\dimen147
\@envbody=\toks19
\multlinegap=\skip50
\multlinetaggap=\skip51
\mathdisplay@stack=\toks20
LaTeX Info: Redefining \[ on input line 2938.
LaTeX Info: Redefining \] on input line 2939.
) (/home/rstudio/.TinyTeX/texmf-dist/tex/latex/amsfonts/amssymb.sty
Package: amssymb 2013/01/14 v3.01 AMS font symbols
(/home/rstudio/.TinyTeX/texmf-dist/tex/latex/amsfonts/amsfonts.sty
Package: amsfonts 2013/01/14 v3.01 Basic AMSFonts support
\symAMSa=\mathgroup4
\symAMSb=\mathgroup5
LaTeX Font Info:    Redeclaring math symbol \hbar on input line 98.
LaTeX Font Info:    Overwriting math alphabet `\mathfrak' in version `bold'
(Font)                  U/euf/m/n --> U/euf/b/n on input line 106.
)) (/home/rstudio/.TinyTeX/texmf-dist/tex/latex/lm/lmodern.sty
Package: lmodern 2015/05/01 v1.6.1 Latin Modern Fonts
LaTeX Font Info:    Overwriting symbol font `operators' in version `normal'
(Font)                  OT1/cmr/m/n --> OT1/lmr/m/n on input line 22.
LaTeX Font Info:    Overwriting symbol font `letters' in version `normal'
(Font)                  OML/cmm/m/it --> OML/lmm/m/it on input line 23.
LaTeX Font Info:    Overwriting symbol font `symbols' in version `normal'
(Font)                  OMS/cmsy/m/n --> OMS/lmsy/m/n on input line 24.
LaTeX Font Info:    Overwriting symbol font `largesymbols' in version `normal'
(Font)                  OMX/cmex/m/n --> OMX/lmex/m/n on input line 25.
LaTeX Font Info:    Overwriting symbol font `operators' in version `bold'
(Font)                  OT1/cmr/bx/n --> OT1/lmr/bx/n on input line 26.
LaTeX Font Info:    Overwriting symbol font `letters' in version `bold'
(Font)                  OML/cmm/b/it --> OML/lmm/b/it on input line 27.
LaTeX Font Info:    Overwriting symbol font `symbols' in version `bold'
(Font)                  OMS/cmsy/b/n --> OMS/lmsy/b/n on input line 28.
LaTeX Font Info:    Overwriting symbol font `largesymbols' in version `bold'
(Font)                  OMX/cmex/m/n --> OMX/lmex/m/n on input line 29.
LaTeX Font Info:    Overwriting math alphabet `\mathbf' in version `normal'
(Font)                  OT1/cmr/bx/n --> OT1/lmr/bx/n on input line 31.
LaTeX Font Info:    Overwriting math alphabet `\mathsf' in version `normal'
(Font)                  OT1/cmss/m/n --> OT1/lmss/m/n on input line 32.
LaTeX Font Info:    Overwriting math alphabet `\mathit' in version `normal'
(Font)                  OT1/cmr/m/it --> OT1/lmr/m/it on input line 33.
LaTeX Font Info:    Overwriting math alphabet `\mathtt' in version `normal'
(Font)                  OT1/cmtt/m/n --> OT1/lmtt/m/n on input line 34.
LaTeX Font Info:    Overwriting math alphabet `\mathbf' in version `bold'
(Font)                  OT1/cmr/bx/n --> OT1/lmr/bx/n on input line 35.
LaTeX Font Info:    Overwriting math alphabet `\mathsf' in version `bold'
(Font)                  OT1/cmss/bx/n --> OT1/lmss/bx/n on input line 36.
LaTeX Font Info:    Overwriting math alphabet `\mathit' in version `bold'
(Font)                  OT1/cmr/bx/it --> OT1/lmr/bx/it on input line 37.
LaTeX Font Info:    Overwriting math alphabet `\mathtt' in version `bold'
(Font)                  OT1/cmtt/m/n --> OT1/lmtt/m/n on input line 38.
) (/home/rstudio/.TinyTeX/texmf-dist/tex/generic/iftex/iftex.sty
Package: iftex 2020/03/06 v1.0d TeX engine tests
) (/home/rstudio/.TinyTeX/texmf-dist/tex/latex/unicode-math/unicode-math.sty (/home/rstudio/.TinyTeX/texmf-dist/tex/latex/l3kernel/expl3.sty
Package: expl3 2021-11-22 L3 programming layer (loader) 
(/home/rstudio/.TinyTeX/texmf-dist/tex/latex/l3backend/l3backend-xetex.def
File: l3backend-xetex.def 2021-10-18 L3 backend support: XeTeX
(|extractbb --version)
\c__kernel_sys_dvipdfmx_version_int=\count266
\l__color_backend_stack_int=\count267
\g__color_backend_stack_int=\count268
\g__graphics_track_int=\count269
\l__pdf_internal_box=\box52
\g__pdf_backend_object_int=\count270
\g__pdf_backend_annotation_int=\count271
\g__pdf_backend_link_int=\count272
))
Package: unicode-math 2020/01/31 v0.8q Unicode maths in XeLaTeX and LuaLaTeX
(/home/rstudio/.TinyTeX/texmf-dist/tex/latex/unicode-math/unicode-math-xetex.sty
Package: unicode-math-xetex 2020/01/31 v0.8q Unicode maths in XeLaTeX and LuaLaTeX
(/home/rstudio/.TinyTeX/texmf-dist/tex/latex/l3packages/xparse/xparse.sty
Package: xparse 2021-11-12 L3 Experimental document command parser
) (/home/rstudio/.TinyTeX/texmf-dist/tex/latex/l3packages/l3keys2e/l3keys2e.sty
Package: l3keys2e 2021-11-12 LaTeX2e option processing using LaTeX3 keys
) (/home/rstudio/.TinyTeX/texmf-dist/tex/latex/fontspec/fontspec.sty
Package: fontspec 2020/02/21 v2.7i Font selection for XeLaTeX and LuaLaTeX
(/home/rstudio/.TinyTeX/texmf-dist/tex/latex/fontspec/fontspec-xetex.sty
Package: fontspec-xetex 2020/02/21 v2.7i Font selection for XeLaTeX and LuaLaTeX
\l__fontspec_script_int=\count273
\l__fontspec_language_int=\count274
\l__fontspec_strnum_int=\count275
\l__fontspec_tmp_int=\count276
\l__fontspec_tmpa_int=\count277
\l__fontspec_tmpb_int=\count278
\l__fontspec_tmpc_int=\count279
\l__fontspec_em_int=\count280
\l__fontspec_emdef_int=\count281
\l__fontspec_strong_int=\count282
\l__fontspec_strongdef_int=\count283
\l__fontspec_tmpa_dim=\dimen148
\l__fontspec_tmpb_dim=\dimen149
\l__fontspec_tmpc_dim=\dimen150
(/home/rstudio/.TinyTeX/texmf-dist/tex/latex/base/fontenc.sty
Package: fontenc 2021/04/29 v2.0v Standard LaTeX package
) (/home/rstudio/.TinyTeX/texmf-dist/tex/latex/fontspec/fontspec.cfg))) (/home/rstudio/.TinyTeX/texmf-dist/tex/latex/base/fix-cm.sty
Package: fix-cm 2020/11/24 v1.1t fixes to LaTeX
(/home/rstudio/.TinyTeX/texmf-dist/tex/latex/base/ts1enc.def
File: ts1enc.def 2001/06/05 v3.0e (jk/car/fm) Standard LaTeX file
LaTeX Font Info:    Redeclaring font encoding TS1 on input line 47.
))
\g__um_fam_int=\count284
\g__um_fonts_used_int=\count285
\l__um_primecount_int=\count286
\g__um_primekern_muskip=\muskip17
(/home/rstudio/.TinyTeX/texmf-dist/tex/latex/unicode-math/unicode-math-table.tex))) (/home/rstudio/.TinyTeX/texmf-dist/tex/latex/xcolor/xcolor.sty
Package: xcolor 2021/10/31 v2.13 LaTeX color extensions (UK)
(/home/rstudio/.TinyTeX/texmf-dist/tex/latex/graphics-cfg/color.cfg
File: color.cfg 2016/01/02 v1.6 sample color configuration
)
Package xcolor Info: Driver file: xetex.def on input line 227.
(/home/rstudio/.TinyTeX/texmf-dist/tex/latex/graphics-def/xetex.def
File: xetex.def 2021/03/18 v5.0k Graphics/color driver for xetex
)
Package xcolor Info: Model `cmy' substituted by `cmy0' on input line 1352.
Package xcolor Info: Model `RGB' extended on input line 1368.
Package xcolor Info: Model `HTML' substituted by `rgb' on input line 1370.
Package xcolor Info: Model `Hsb' substituted by `hsb' on input line 1371.
Package xcolor Info: Model `tHsb' substituted by `hsb' on input line 1372.
Package xcolor Info: Model `HSB' substituted by `hsb' on input line 1373.
Package xcolor Info: Model `Gray' substituted by `gray' on input line 1374.
Package xcolor Info: Model `wave' substituted by `hsb' on input line 1375.
) (/home/rstudio/.TinyTeX/texmf-dist/tex/latex/hyperref/hyperref.sty
Package: hyperref 2021-06-07 v7.00m Hypertext links for LaTeX
(/home/rstudio/.TinyTeX/texmf-dist/tex/generic/ltxcmds/ltxcmds.sty
Package: ltxcmds 2020-05-10 v1.25 LaTeX kernel commands for general use (HO)
) (/home/rstudio/.TinyTeX/texmf-dist/tex/generic/pdftexcmds/pdftexcmds.sty
Package: pdftexcmds 2020-06-27 v0.33 Utility functions of pdfTeX for LuaTeX (HO)
(/home/rstudio/.TinyTeX/texmf-dist/tex/generic/infwarerr/infwarerr.sty
Package: infwarerr 2019/12/03 v1.5 Providing info/warning/error messages (HO)
)
Package pdftexcmds Info: \pdf@primitive is available.
Package pdftexcmds Info: \pdf@ifprimitive is available.
Package pdftexcmds Info: \pdfdraftmode not found.
) (/home/rstudio/.TinyTeX/texmf-dist/tex/latex/graphics/keyval.sty
Package: keyval 2014/10/28 v1.15 key=value parser (DPC)
\KV@toks@=\toks21
) (/home/rstudio/.TinyTeX/texmf-dist/tex/generic/kvsetkeys/kvsetkeys.sty
Package: kvsetkeys 2019/12/15 v1.18 Key value parser (HO)
) (/home/rstudio/.TinyTeX/texmf-dist/tex/generic/kvdefinekeys/kvdefinekeys.sty
Package: kvdefinekeys 2019-12-19 v1.6 Define keys (HO)
) (/home/rstudio/.TinyTeX/texmf-dist/tex/generic/pdfescape/pdfescape.sty
Package: pdfescape 2019/12/09 v1.15 Implements pdfTeX's escape features (HO)
) (/home/rstudio/.TinyTeX/texmf-dist/tex/latex/hycolor/hycolor.sty
Package: hycolor 2020-01-27 v1.10 Color options for hyperref/bookmark (HO)
) (/home/rstudio/.TinyTeX/texmf-dist/tex/latex/letltxmacro/letltxmacro.sty
Package: letltxmacro 2019/12/03 v1.6 Let assignment for LaTeX macros (HO)
) (/home/rstudio/.TinyTeX/texmf-dist/tex/latex/auxhook/auxhook.sty
Package: auxhook 2019-12-17 v1.6 Hooks for auxiliary files (HO)
) (/home/rstudio/.TinyTeX/texmf-dist/tex/latex/kvoptions/kvoptions.sty
Package: kvoptions 2020-10-07 v3.14 Key value format for package options (HO)
)
\@linkdim=\dimen151
\Hy@linkcounter=\count287
\Hy@pagecounter=\count288
(/home/rstudio/.TinyTeX/texmf-dist/tex/latex/hyperref/pd1enc.def
File: pd1enc.def 2021-06-07 v7.00m Hyperref: PDFDocEncoding definition (HO)
) (/home/rstudio/.TinyTeX/texmf-dist/tex/latex/hyperref/hyperref-langpatches.def
File: hyperref-langpatches.def 2021-06-07 v7.00m Hyperref: patches for babel languages
) (/home/rstudio/.TinyTeX/texmf-dist/tex/generic/intcalc/intcalc.sty
Package: intcalc 2019/12/15 v1.3 Expandable calculations with integers (HO)
) (/home/rstudio/.TinyTeX/texmf-dist/tex/generic/etexcmds/etexcmds.sty
Package: etexcmds 2019/12/15 v1.7 Avoid name clashes with e-TeX commands (HO)
)
\Hy@SavedSpaceFactor=\count289
(/home/rstudio/.TinyTeX/texmf-dist/tex/latex/hyperref/puenc.def
File: puenc.def 2021-06-07 v7.00m Hyperref: PDF Unicode definition (HO)
)
Package hyperref Info: Option `unicode' set `true' on input line 4073.
Package hyperref Info: Hyper figures OFF on input line 4192.
Package hyperref Info: Link nesting OFF on input line 4197.
Package hyperref Info: Hyper index ON on input line 4200.
Package hyperref Info: Plain pages OFF on input line 4207.
Package hyperref Info: Backreferencing OFF on input line 4212.
Package hyperref Info: Implicit mode ON; LaTeX internals redefined.
Package hyperref Info: Bookmarks ON on input line 4445.
\c@Hy@tempcnt=\count290
(/home/rstudio/.TinyTeX/texmf-dist/tex/latex/url/url.sty
\Urlmuskip=\muskip18
Package: url 2013/09/16  ver 3.4  Verb mode for urls, etc.
)
LaTeX Info: Redefining \url on input line 4804.
\XeTeXLinkMargin=\dimen152
(/home/rstudio/.TinyTeX/texmf-dist/tex/generic/bitset/bitset.sty
Package: bitset 2019/12/09 v1.3 Handle bit-vector datatype (HO)
(/home/rstudio/.TinyTeX/texmf-dist/tex/generic/bigintcalc/bigintcalc.sty
Package: bigintcalc 2019/12/15 v1.5 Expandable calculations on big integers (HO)
))
\Fld@menulength=\count291
\Field@Width=\dimen153
\Fld@charsize=\dimen154
Package hyperref Info: Hyper figures OFF on input line 6076.
Package hyperref Info: Link nesting OFF on input line 6081.
Package hyperref Info: Hyper index ON on input line 6084.
Package hyperref Info: backreferencing OFF on input line 6091.
Package hyperref Info: Link coloring OFF on input line 6096.
Package hyperref Info: Link coloring with OCG OFF on input line 6101.
Package hyperref Info: PDF/A mode OFF on input line 6106.
LaTeX Info: Redefining \ref on input line 6146.
LaTeX Info: Redefining \pageref on input line 6150.
(/home/rstudio/.TinyTeX/texmf-dist/tex/latex/base/atbegshi-ltx.sty
Package: atbegshi-ltx 2021/01/10 v1.0c Emulation of the original atbegshi
package with kernel methods
)
\Hy@abspage=\count292
\c@Item=\count293
\c@Hfootnote=\count294
)
Package hyperref Info: Driver (autodetected): hxetex.
(/home/rstudio/.TinyTeX/texmf-dist/tex/latex/hyperref/hxetex.def
File: hxetex.def 2021-06-07 v7.00m Hyperref driver for XeTeX
(/home/rstudio/.TinyTeX/texmf-dist/tex/generic/stringenc/stringenc.sty
Package: stringenc 2019/11/29 v1.12 Convert strings between diff. encodings (HO)
)
\pdfm@box=\box53
\c@Hy@AnnotLevel=\count295
\HyField@AnnotCount=\count296
\Fld@listcount=\count297
\c@bookmark@seq@number=\count298
(/home/rstudio/.TinyTeX/texmf-dist/tex/latex/rerunfilecheck/rerunfilecheck.sty
Package: rerunfilecheck 2019/12/05 v1.9 Rerun checks for auxiliary files (HO)
(/home/rstudio/.TinyTeX/texmf-dist/tex/latex/base/atveryend-ltx.sty
Package: atveryend-ltx 2020/08/19 v1.0a Emulation of the original atveryend package
with kernel methods
) (/home/rstudio/.TinyTeX/texmf-dist/tex/generic/uniquecounter/uniquecounter.sty
Package: uniquecounter 2019/12/15 v1.4 Provide unlimited unique counter (HO)
)
Package uniquecounter Info: New unique counter `rerunfilecheck' on input line 286.
)
\Hy@SectionHShift=\skip52
) (/home/rstudio/.TinyTeX/texmf-dist/tex/latex/fancyvrb/fancyvrb.sty
Package: fancyvrb 2021/11/24\nobreakspace {} 4.1a\nobreakspace {}verbatim text (tvz,hv)
\FV@CodeLineNo=\count299
\FV@InFile=\read2
\FV@TabBox=\box54
\c@FancyVerbLine=\count300
\FV@StepNumber=\count301
\FV@OutFile=\write3
) (/home/rstudio/.TinyTeX/texmf-dist/tex/latex/framed/framed.sty
Package: framed 2011/10/22 v 0.96: framed or shaded text with page breaks
\OuterFrameSep=\skip53
\fb@frw=\dimen155
\fb@frh=\dimen156
\FrameRule=\dimen157
\FrameSep=\dimen158
) (/home/rstudio/.TinyTeX/texmf-dist/tex/latex/tools/longtable.sty
Package: longtable 2021-09-01 v4.17 Multi-page Table package (DPC)
\LTleft=\skip54
\LTright=\skip55
\LTpre=\skip56
\LTpost=\skip57
\LTchunksize=\count302
\LTcapwidth=\dimen159
\LT@head=\box55
\LT@firsthead=\box56
\LT@foot=\box57
\LT@lastfoot=\box58
\LT@gbox=\box59
\LT@cols=\count303
\LT@rows=\count304
\c@LT@tables=\count305
\c@LT@chunks=\count306
\LT@p@ftn=\toks22
) (/home/rstudio/.TinyTeX/texmf-dist/tex/latex/booktabs/booktabs.sty
Package: booktabs 2020/01/12 v1.61803398 Publication quality tables
\heavyrulewidth=\dimen160
\lightrulewidth=\dimen161
\cmidrulewidth=\dimen162
\belowrulesep=\dimen163
\belowbottomsep=\dimen164
\aboverulesep=\dimen165
\abovetopsep=\dimen166
\cmidrulesep=\dimen167
\cmidrulekern=\dimen168
\defaultaddspace=\dimen169
\@cmidla=\count307
\@cmidlb=\count308
\@aboverulesep=\dimen170
\@belowrulesep=\dimen171
\@thisruleclass=\count309
\@lastruleclass=\count310
\@thisrulewidth=\dimen172
) (/home/rstudio/.TinyTeX/texmf-dist/tex/latex/tools/array.sty
Package: array 2021/10/04 v2.5f Tabular extension package (FMi)
\col@sep=\dimen173
\ar@mcellbox=\box60
\extrarowheight=\dimen174
\NC@list=\toks23
\extratabsurround=\skip58
\backup@length=\skip59
\ar@cellbox=\box61
) (/home/rstudio/.TinyTeX/texmf-dist/tex/latex/tools/calc.sty
Package: calc 2017/05/25 v4.3 Infix arithmetic (KKT,FJ)
\calc@Acount=\count311
\calc@Bcount=\count312
\calc@Adimen=\dimen175
\calc@Bdimen=\dimen176
\calc@Askip=\skip60
\calc@Bskip=\skip61
LaTeX Info: Redefining \setlength on input line 80.
LaTeX Info: Redefining \addtolength on input line 81.
\calc@Ccount=\count313
\calc@Cskip=\skip62
) (/home/rstudio/.TinyTeX/texmf-dist/tex/latex/etoolbox/etoolbox.sty
Package: etoolbox 2020/10/05 v2.5k e-TeX tools for LaTeX (JAW)
\etb@tempcnta=\count314
) (/home/rstudio/.TinyTeX/texmf-dist/tex/latex/mdwtools/footnote.sty
Package: footnote 1997/01/28 1.13 Save footnotes around boxes
\fn@notes=\box62
\fn@width=\dimen177
) (/home/rstudio/.TinyTeX/texmf-dist/tex/latex/graphics/graphicx.sty
Package: graphicx 2021/09/16 v1.2d Enhanced LaTeX Graphics (DPC,SPQR)
(/home/rstudio/.TinyTeX/texmf-dist/tex/latex/graphics/graphics.sty
Package: graphics 2021/03/04 v1.4d Standard LaTeX Graphics (DPC,SPQR)
(/home/rstudio/.TinyTeX/texmf-dist/tex/latex/graphics/trig.sty
Package: trig 2021/08/11 v1.11 sin cos tan (DPC)
) (/home/rstudio/.TinyTeX/texmf-dist/tex/latex/graphics-cfg/graphics.cfg
File: graphics.cfg 2016/06/04 v1.11 sample graphics configuration
)
Package graphics Info: Driver file: xetex.def on input line 107.
)
\Gin@req@height=\dimen178
\Gin@req@width=\dimen179
) (/home/rstudio/.TinyTeX/texmf-dist/tex/latex/natbib/natbib.sty
Package: natbib 2010/09/13 8.31b (PWD, AO)
\bibhang=\skip63
\bibsep=\skip64
LaTeX Info: Redefining \cite on input line 694.
\c@NAT@ctr=\count315
) (./Advanced-HTA.aux)
\openout1 = `Advanced-HTA.aux'.

LaTeX Font Info:    Checking defaults for OML/cmm/m/it on input line 122.
LaTeX Font Info:    ... okay on input line 122.
LaTeX Font Info:    Checking defaults for OMS/cmsy/m/n on input line 122.
LaTeX Font Info:    ... okay on input line 122.
LaTeX Font Info:    Checking defaults for OT1/cmr/m/n on input line 122.
LaTeX Font Info:    ... okay on input line 122.
LaTeX Font Info:    Checking defaults for T1/cmr/m/n on input line 122.
LaTeX Font Info:    ... okay on input line 122.
LaTeX Font Info:    Checking defaults for TS1/cmr/m/n on input line 122.
LaTeX Font Info:    ... okay on input line 122.
LaTeX Font Info:    Checking defaults for TU/lmr/m/n on input line 122.
LaTeX Font Info:    ... okay on input line 122.
LaTeX Font Info:    Checking defaults for OMX/cmex/m/n on input line 122.
LaTeX Font Info:    ... okay on input line 122.
LaTeX Font Info:    Checking defaults for U/cmr/m/n on input line 122.
LaTeX Font Info:    ... okay on input line 122.
LaTeX Font Info:    Checking defaults for PD1/pdf/m/n on input line 122.
LaTeX Font Info:    ... okay on input line 122.
LaTeX Font Info:    Checking defaults for PU/pdf/m/n on input line 122.
LaTeX Font Info:    ... okay on input line 122.
LaTeX Font Info:    Overwriting math alphabet `\mathrm' in version `normal'
(Font)                  OT1/lmr/m/n --> TU/lmr/m/n on input line 122.
LaTeX Font Info:    Overwriting math alphabet `\mathit' in version `normal'
(Font)                  OT1/lmr/m/it --> TU/lmr/m/it on input line 122.
LaTeX Font Info:    Overwriting math alphabet `\mathbf' in version `normal'
(Font)                  OT1/lmr/bx/n --> TU/lmr/bx/n on input line 122.
LaTeX Font Info:    Overwriting math alphabet `\mathsf' in version `normal'
(Font)                  OT1/lmss/m/n --> TU/lmss/m/n on input line 122.
LaTeX Font Info:    Overwriting math alphabet `\mathsf' in version `bold'
(Font)                  OT1/lmss/bx/n --> TU/lmss/bx/n on input line 122.
LaTeX Font Info:    Overwriting math alphabet `\mathtt' in version `normal'
(Font)                  OT1/lmtt/m/n --> TU/lmtt/m/n on input line 122.
LaTeX Font Info:    Overwriting math alphabet `\mathtt' in version `bold'
(Font)                  OT1/lmtt/m/n --> TU/lmtt/bx/n on input line 122.

Package fontspec Info: latinmodern-math scale = 0.9999964596882403.


Package fontspec Info: latinmodern-math scale = 0.9999964596882403.


Package fontspec Info: latinmodern-math scale = 0.9999964596882403.


Package fontspec Info: Font family 'latinmodern-math.otf(0)' created for font
(fontspec)             'latinmodern-math.otf' with options
(fontspec)             [Scale=MatchLowercase,BoldItalicFont={},ItalicFont={},SmallCapsFont={},Script=Math,BoldFont={latinmodern-math.otf}].
(fontspec)              
(fontspec)              This font family consists of the following NFSS
(fontspec)             series/shapes:
(fontspec)              
(fontspec)             - 'normal' (m/n) with NFSS spec.:
(fontspec)             <->s*[0.9999964596882403]"[latinmodern-math.otf]/OT:script=math;language=dflt;"
(fontspec)             - 'small caps'  (m/sc) with NFSS spec.: 
(fontspec)             - 'bold' (b/n) with NFSS spec.:
(fontspec)             <->s*[0.9999964596882403]"[latinmodern-math.otf]/OT:script=math;language=dflt;"
(fontspec)             - 'bold small caps'  (b/sc) with NFSS spec.: 

LaTeX Font Info:    Font shape `TU/latinmodern-math.otf(0)/m/n' will be
(Font)              scaled to size 10.0pt on input line 122.

Package fontspec Info: latinmodern-math scale = 0.9999964596882403.


Package fontspec Info: latinmodern-math scale = 0.9999964596882403.


Package fontspec Info: latinmodern-math scale = 0.9999964596882403.


Package fontspec Info: latinmodern-math scale = 0.9999964596882403.


Package fontspec Info: latinmodern-math scale = 0.9999964596882403.


Package fontspec Info: Font family 'latinmodern-math.otf(1)' created for font
(fontspec)             'latinmodern-math.otf' with options
(fontspec)             [Scale=MatchLowercase,BoldItalicFont={},ItalicFont={},SmallCapsFont={},Script=Math,SizeFeatures={{Size=8.5-},{Size=6-8.5,Font=latinmodern-math.otf,Style=MathScript},{Size=-6,Font=latinmodern-math.otf,Style=MathScriptScript}},BoldFont={latinmodern-math.otf}].
(fontspec)              
(fontspec)              This font family consists of the following NFSS
(fontspec)             series/shapes:
(fontspec)              
(fontspec)             - 'normal' (m/n) with NFSS spec.:
(fontspec)             <8.5->s*[0.9999964596882403]"[latinmodern-math.otf]/OT:script=math;language=dflt;"<6-8.5>s*[0.9999964596882403]"[latinmodern-math.otf]/OT:script=math;language=dflt;+ssty=0;"<-6>s*[0.9999964596882403]"[latinmodern-math.otf]/OT:script=math;language=dflt;+ssty=1;"
(fontspec)             - 'small caps'  (m/sc) with NFSS spec.: 
(fontspec)             - 'bold' (b/n) with NFSS spec.:
(fontspec)             <->s*[0.9999964596882403]"[latinmodern-math.otf]/OT:script=math;language=dflt;"
(fontspec)             - 'bold small caps'  (b/sc) with NFSS spec.: 

LaTeX Font Info:    Font shape `TU/latinmodern-math.otf(1)/m/n' will be
(Font)              scaled to size 10.0pt on input line 122.
LaTeX Font Info:    Encoding `OT1' has changed to `TU' for symbol font
(Font)              `operators' in the math version `normal' on input line 122.
LaTeX Font Info:    Overwriting symbol font `operators' in version `normal'
(Font)                  OT1/lmr/m/n --> TU/latinmodern-math.otf(1)/m/n on input line 122.
LaTeX Font Info:    Encoding `OT1' has changed to `TU' for symbol font
(Font)              `operators' in the math version `bold' on input line 122.
LaTeX Font Info:    Overwriting symbol font `operators' in version `bold'
(Font)                  OT1/lmr/bx/n --> TU/latinmodern-math.otf(1)/b/n on input line 122.

Package fontspec Info: latinmodern-math scale = 0.9999964596882403.


Package fontspec Info: latinmodern-math scale = 1.000096459334209.


Package fontspec Info: latinmodern-math scale = 0.9999964596882403.


Package fontspec Info: latinmodern-math scale = 1.000096459334209.


Package fontspec Info: latinmodern-math scale = 0.9999964596882403.


Package fontspec Info: latinmodern-math scale = 1.000096459334209.


Package fontspec Info: latinmodern-math scale = 0.9999964596882403.


Package fontspec Info: latinmodern-math scale = 1.000096459334209.


Package fontspec Info: latinmodern-math scale = 0.9999964596882403.


Package fontspec Info: latinmodern-math scale = 1.000096459334209.


Package fontspec Info: Font family 'latinmodern-math.otf(2)' created for font
(fontspec)             'latinmodern-math.otf' with options
(fontspec)             [Scale=MatchLowercase,BoldItalicFont={},ItalicFont={},SmallCapsFont={},Script=Math,SizeFeatures={{Size=8.5-},{Size=6-8.5,Font=latinmodern-math.otf,Style=MathScript},{Size=-6,Font=latinmodern-math.otf,Style=MathScriptScript}},BoldFont={latinmodern-math.otf},ScaleAgain=1.0001,FontAdjustment={\fontdimen
(fontspec)             8\font =6.77pt\relax \fontdimen 9\font =3.94pt\relax
(fontspec)             \fontdimen 10\font =4.44pt\relax \fontdimen 11\font
(fontspec)             =6.86pt\relax \fontdimen 12\font =3.45pt\relax
(fontspec)             \fontdimen 13\font =3.63pt\relax \fontdimen 14\font
(fontspec)             =3.63pt\relax \fontdimen 15\font =2.89pt\relax
(fontspec)             \fontdimen 16\font =2.47pt\relax \fontdimen 17\font
(fontspec)             =2.47pt\relax \fontdimen 18\font =2.5pt\relax
(fontspec)             \fontdimen 19\font =2.0pt\relax \fontdimen 22\font
(fontspec)             =2.5pt\relax \fontdimen 20\font =0pt\relax \fontdimen
(fontspec)             21\font =0pt\relax }].
(fontspec)              
(fontspec)              This font family consists of the following NFSS
(fontspec)             series/shapes:
(fontspec)              
(fontspec)             - 'normal' (m/n) with NFSS spec.:
(fontspec)             <8.5->s*[1.000096459334209]"[latinmodern-math.otf]/OT:script=math;language=dflt;"<6-8.5>s*[1.000096459334209]"[latinmodern-math.otf]/OT:script=math;language=dflt;+ssty=0;"<-6>s*[1.000096459334209]"[latinmodern-math.otf]/OT:script=math;language=dflt;+ssty=1;"
(fontspec)             - 'small caps'  (m/sc) with NFSS spec.: 
(fontspec)             and font adjustment code:
(fontspec)             \fontdimen 8\font =6.77pt\relax \fontdimen 9\font
(fontspec)             =3.94pt\relax \fontdimen 10\font =4.44pt\relax
(fontspec)             \fontdimen 11\font =6.86pt\relax \fontdimen 12\font
(fontspec)             =3.45pt\relax \fontdimen 13\font =3.63pt\relax
(fontspec)             \fontdimen 14\font =3.63pt\relax \fontdimen 15\font
(fontspec)             =2.89pt\relax \fontdimen 16\font =2.47pt\relax
(fontspec)             \fontdimen 17\font =2.47pt\relax \fontdimen 18\font
(fontspec)             =2.5pt\relax \fontdimen 19\font =2.0pt\relax \fontdimen
(fontspec)             22\font =2.5pt\relax \fontdimen 20\font =0pt\relax
(fontspec)             \fontdimen 21\font =0pt\relax 
(fontspec)             - 'bold' (b/n) with NFSS spec.:
(fontspec)             <->s*[1.000096459334209]"[latinmodern-math.otf]/OT:script=math;language=dflt;"
(fontspec)             - 'bold small caps'  (b/sc) with NFSS spec.: 
(fontspec)             and font adjustment code:
(fontspec)             \fontdimen 8\font =6.77pt\relax \fontdimen 9\font
(fontspec)             =3.94pt\relax \fontdimen 10\font =4.44pt\relax
(fontspec)             \fontdimen 11\font =6.86pt\relax \fontdimen 12\font
(fontspec)             =3.45pt\relax \fontdimen 13\font =3.63pt\relax
(fontspec)             \fontdimen 14\font =3.63pt\relax \fontdimen 15\font
(fontspec)             =2.89pt\relax \fontdimen 16\font =2.47pt\relax
(fontspec)             \fontdimen 17\font =2.47pt\relax \fontdimen 18\font
(fontspec)             =2.5pt\relax \fontdimen 19\font =2.0pt\relax \fontdimen
(fontspec)             22\font =2.5pt\relax \fontdimen 20\font =0pt\relax
(fontspec)             \fontdimen 21\font =0pt\relax 

LaTeX Font Info:    Encoding `OMS' has changed to `TU' for symbol font
(Font)              `symbols' in the math version `normal' on input line 122.
LaTeX Font Info:    Overwriting symbol font `symbols' in version `normal'
(Font)                  OMS/lmsy/m/n --> TU/latinmodern-math.otf(2)/m/n on input line 122.
LaTeX Font Info:    Encoding `OMS' has changed to `TU' for symbol font
(Font)              `symbols' in the math version `bold' on input line 122.
LaTeX Font Info:    Overwriting symbol font `symbols' in version `bold'
(Font)                  OMS/lmsy/b/n --> TU/latinmodern-math.otf(2)/b/n on input line 122.

Package fontspec Info: latinmodern-math scale = 0.9999964596882403.


Package fontspec Info: latinmodern-math scale = 0.9998964600422715.


Package fontspec Info: latinmodern-math scale = 0.9999964596882403.


Package fontspec Info: latinmodern-math scale = 0.9998964600422715.


Package fontspec Info: latinmodern-math scale = 0.9999964596882403.


Package fontspec Info: latinmodern-math scale = 0.9998964600422715.


Package fontspec Info: latinmodern-math scale = 0.9999964596882403.


Package fontspec Info: latinmodern-math scale = 0.9998964600422715.


Package fontspec Info: latinmodern-math scale = 0.9999964596882403.


Package fontspec Info: latinmodern-math scale = 0.9998964600422715.


Package fontspec Info: Font family 'latinmodern-math.otf(3)' created for font
(fontspec)             'latinmodern-math.otf' with options
(fontspec)             [Scale=MatchLowercase,BoldItalicFont={},ItalicFont={},SmallCapsFont={},Script=Math,SizeFeatures={{Size=8.5-},{Size=6-8.5,Font=latinmodern-math.otf,Style=MathScript},{Size=-6,Font=latinmodern-math.otf,Style=MathScriptScript}},BoldFont={latinmodern-math.otf},ScaleAgain=0.9999,FontAdjustment={\fontdimen
(fontspec)             8\font =0.4pt\relax \fontdimen 9\font =2.0pt\relax
(fontspec)             \fontdimen 10\font =1.67pt\relax \fontdimen 11\font
(fontspec)             =1.11pt\relax \fontdimen 12\font =6.0pt\relax
(fontspec)             \fontdimen 13\font =0pt\relax }].
(fontspec)              
(fontspec)              This font family consists of the following NFSS
(fontspec)             series/shapes:
(fontspec)              
(fontspec)             - 'normal' (m/n) with NFSS spec.:
(fontspec)             <8.5->s*[0.9998964600422715]"[latinmodern-math.otf]/OT:script=math;language=dflt;"<6-8.5>s*[0.9998964600422715]"[latinmodern-math.otf]/OT:script=math;language=dflt;+ssty=0;"<-6>s*[0.9998964600422715]"[latinmodern-math.otf]/OT:script=math;language=dflt;+ssty=1;"
(fontspec)             - 'small caps'  (m/sc) with NFSS spec.: 
(fontspec)             and font adjustment code:
(fontspec)             \fontdimen 8\font =0.4pt\relax \fontdimen 9\font
(fontspec)             =2.0pt\relax \fontdimen 10\font =1.67pt\relax
(fontspec)             \fontdimen 11\font =1.11pt\relax \fontdimen 12\font
(fontspec)             =6.0pt\relax \fontdimen 13\font =0pt\relax 
(fontspec)             - 'bold' (b/n) with NFSS spec.:
(fontspec)             <->s*[0.9998964600422715]"[latinmodern-math.otf]/OT:script=math;language=dflt;"
(fontspec)             - 'bold small caps'  (b/sc) with NFSS spec.: 
(fontspec)             and font adjustment code:
(fontspec)             \fontdimen 8\font =0.4pt\relax \fontdimen 9\font
(fontspec)             =2.0pt\relax \fontdimen 10\font =1.67pt\relax
(fontspec)             \fontdimen 11\font =1.11pt\relax \fontdimen 12\font
(fontspec)             =6.0pt\relax \fontdimen 13\font =0pt\relax 

LaTeX Font Info:    Encoding `OMX' has changed to `TU' for symbol font
(Font)              `largesymbols' in the math version `normal' on input line 122.
LaTeX Font Info:    Overwriting symbol font `largesymbols' in version `normal'
(Font)                  OMX/lmex/m/n --> TU/latinmodern-math.otf(3)/m/n on input line 122.
LaTeX Font Info:    Encoding `OMX' has changed to `TU' for symbol font
(Font)              `largesymbols' in the math version `bold' on input line 122.
LaTeX Font Info:    Overwriting symbol font `largesymbols' in version `bold'
(Font)                  OMX/lmex/m/n --> TU/latinmodern-math.otf(3)/b/n on input line 122.
Package hyperref Info: Link coloring OFF on input line 122.
(/home/rstudio/.TinyTeX/texmf-dist/tex/latex/hyperref/nameref.sty
Package: nameref 2021-04-02 v2.47 Cross-referencing by name of section
(/home/rstudio/.TinyTeX/texmf-dist/tex/latex/refcount/refcount.sty
Package: refcount 2019/12/15 v3.6 Data extraction from label references (HO)
) (/home/rstudio/.TinyTeX/texmf-dist/tex/generic/gettitlestring/gettitlestring.sty
Package: gettitlestring 2019/12/15 v1.6 Cleanup title references (HO)
)
\c@section@level=\count316
)
LaTeX Info: Redefining \ref on input line 122.
LaTeX Info: Redefining \pageref on input line 122.
LaTeX Info: Redefining \nameref on input line 122.
(./Advanced-HTA.out) (./Advanced-HTA.out)
\@outlinefile=\write4
\openout4 = `Advanced-HTA.out'.

LaTeX Font Info:    Font shape `TU/latinmodern-math.otf(1)/m/n' will be
(Font)              scaled to size 12.0pt on input line 124.
LaTeX Font Info:    Font shape `TU/latinmodern-math.otf(1)/m/n' will be
(Font)              scaled to size 8.0pt on input line 124.
LaTeX Font Info:    Font shape `TU/latinmodern-math.otf(1)/m/n' will be
(Font)              scaled to size 6.0pt on input line 124.
LaTeX Font Info:    Trying to load font information for OML+lmm on input line 124.
(/home/rstudio/.TinyTeX/texmf-dist/tex/latex/lm/omllmm.fd
File: omllmm.fd 2015/05/01 v1.6.1 Font defs for Latin Modern
)
LaTeX Font Info:    Font shape `TU/latinmodern-math.otf(2)/m/n' will be
(Font)              scaled to size 12.0011pt on input line 124.
LaTeX Font Info:    Font shape `TU/latinmodern-math.otf(2)/m/n' will be
(Font)              scaled to size 8.00073pt on input line 124.
LaTeX Font Info:    Font shape `TU/latinmodern-math.otf(2)/m/n' will be
(Font)              scaled to size 6.00055pt on input line 124.
LaTeX Font Info:    Font shape `TU/latinmodern-math.otf(3)/m/n' will be
(Font)              scaled to size 11.99872pt on input line 124.
LaTeX Font Info:    Font shape `TU/latinmodern-math.otf(3)/m/n' will be
(Font)              scaled to size 7.99915pt on input line 124.
LaTeX Font Info:    Font shape `TU/latinmodern-math.otf(3)/m/n' will be
(Font)              scaled to size 5.99936pt on input line 124.
LaTeX Font Info:    Trying to load font information for U+msa on input line 124.
(/home/rstudio/.TinyTeX/texmf-dist/tex/latex/amsfonts/umsa.fd
File: umsa.fd 2013/01/14 v3.01 AMS symbols A
)
LaTeX Font Info:    Trying to load font information for U+msb on input line 124.
(/home/rstudio/.TinyTeX/texmf-dist/tex/latex/amsfonts/umsb.fd
File: umsb.fd 2013/01/14 v3.01 AMS symbols B
) [1


] [2

] (./Advanced-HTA.toc
LaTeX Font Info:    Font shape `TU/latinmodern-math.otf(1)/m/n' will be
(Font)              scaled to size 7.0pt on input line 2.
LaTeX Font Info:    Font shape `TU/latinmodern-math.otf(1)/m/n' will be
(Font)              scaled to size 5.0pt on input line 2.
LaTeX Font Info:    Font shape `TU/latinmodern-math.otf(2)/m/n' will be
(Font)              scaled to size 10.00092pt on input line 2.
LaTeX Font Info:    Font shape `TU/latinmodern-math.otf(2)/m/n' will be
(Font)              scaled to size 7.00064pt on input line 2.
LaTeX Font Info:    Font shape `TU/latinmodern-math.otf(2)/m/n' will be
(Font)              scaled to size 5.00046pt on input line 2.
LaTeX Font Info:    Font shape `TU/latinmodern-math.otf(3)/m/n' will be
(Font)              scaled to size 9.99893pt on input line 2.
LaTeX Font Info:    Font shape `TU/latinmodern-math.otf(3)/m/n' will be
(Font)              scaled to size 6.99925pt on input line 2.
LaTeX Font Info:    Font shape `TU/latinmodern-math.otf(3)/m/n' will be
(Font)              scaled to size 4.99947pt on input line 2.
[3])
\tf@toc=\write5
\openout5 = `Advanced-HTA.toc'.

[4] [5

]
LaTeX Font Info:    Font shape `TU/lmtt/bx/n' in size <10> not available
(Font)              Font shape `TU/lmtt/b/n' tried instead on input line 206.
[6] [7] [8]
Chapter 1.
[9

]
File: images/esperanza.png Graphic file (type bmp)
<images/esperanza.png>

Overfull \hbox (303.30215pt too wide) in paragraph at lines 353--354
 [][] 
 []

[10] [11] [12] [13] [14]
Chapter 2.
[15

]
File: images/fig1.png Graphic file (type bmp)
<images/fig1.png>

Overfull \hbox (358.52719pt too wide) in paragraph at lines 644--645
 [][] 
 []


LaTeX Warning: Float too large for page by 24.05966pt on input line 649.

File: images/fig2.png Graphic file (type bmp)
<images/fig2.png>

Overfull \hbox (326.23764pt too wide) in paragraph at lines 662--663
 [][] 
 []


LaTeX Warning: Float too large for page by 24.08086pt on input line 667.

[16] [17] [18]
File: images/fig3.png Graphic file (type bmp)
<images/fig3.png>

Overfull \hbox (151.34308pt too wide) in paragraph at lines 696--697
 [][] 
 []


LaTeX Warning: Float too large for page by 24.06178pt on input line 701.


Overfull \hbox (5.28008pt too wide) in paragraph at lines 720--735
 [][] 
 []

[19] [20] [21] [22] [23] [24]
Chapter 3.

Underfull \vbox (badness 2221) has occurred while \output is active []

[25

]
Overfull \hbox (98.96233pt too wide) has occurred while \output is active
\TU/lmr/m/n/10 26 \TU/lmr/m/sl/10 CHAPTER 3.  GOOD PRACTICES IN DECISION MODELLING AND DECION-TREE MODELS
 []

[26]
File: images/decision_tree.png Graphic file (type bmp)
<images/decision_tree.png>

Overfull \hbox (545.42416pt too wide) in paragraph at lines 998--999
 [][] 
 []

[27]
Overfull \hbox (98.96233pt too wide) has occurred while \output is active
\TU/lmr/m/n/10 28 \TU/lmr/m/sl/10 CHAPTER 3.  GOOD PRACTICES IN DECISION MODELLING AND DECION-TREE MODELS
 []

[28]
File: images/decision_tree2.png Graphic file (type bmp)
<images/decision_tree2.png>

Overfull \hbox (374.64098pt too wide) in paragraph at lines 1017--1018
 [][] 
 []

[29]
Overfull \hbox (98.96233pt too wide) has occurred while \output is active
\TU/lmr/m/n/10 30 \TU/lmr/m/sl/10 CHAPTER 3.  GOOD PRACTICES IN DECISION MODELLING AND DECION-TREE MODELS
 []

[30]
Chapter 4.
[31

] [32] [33] [34

]
Chapter 5.
[35] [36]
File: images/PRISMA_flow_diagram.jpg Graphic file (type bmp)
<images/PRISMA_flow_diagram.jpg>

Overfull \hbox (121.88441pt too wide) in paragraph at lines 1229--1230
 [][] 
 []

File: images/review.png Graphic file (type bmp)
<images/review.png>

Overfull \hbox (383.92155pt too wide) in paragraph at lines 1270--1271
 [][] 
 []


LaTeX Warning: Float too large for page by 24.07784pt on input line 1275.


Overfull \hbox (10.07564pt too wide) has occurred while \output is active
\TU/lmr/m/sl/10 5.2.  IDENTIFYING, AGGREGATING AND APPRAISING THE EVIDENCE \TU/lmr/m/n/10 37
 []

[37] [38]
Overfull \hbox (10.07564pt too wide) has occurred while \output is active
\TU/lmr/m/sl/10 5.2.  IDENTIFYING, AGGREGATING AND APPRAISING THE EVIDENCE \TU/lmr/m/n/10 39
 []

[39] [40]
File: images/fixed.png Graphic file (type bmp)
<images/fixed.png>

Overfull \hbox (390.06787pt too wide) in paragraph at lines 1404--1405
 [][] 
 []


LaTeX Warning: Float too large for page by 24.0637pt on input line 1409.


Overfull \hbox (10.07564pt too wide) has occurred while \output is active
\TU/lmr/m/sl/10 5.2.  IDENTIFYING, AGGREGATING AND APPRAISING THE EVIDENCE \TU/lmr/m/n/10 41
 []

[41] [42]
File: images/fixed_example.png Graphic file (type bmp)
<images/fixed_example.png>

Overfull \hbox (779.19614pt too wide) in paragraph at lines 1459--1460
 [][] 
 []


LaTeX Warning: Float too large for page by 24.06992pt on input line 1464.

File: images/random_example.png Graphic file (type bmp)
<images/random_example.png>

Overfull \hbox (710.09671pt too wide) in paragraph at lines 1468--1469
 [][] 
 []


LaTeX Warning: Float too large for page by 24.05717pt on input line 1473.


Overfull \hbox (10.07564pt too wide) has occurred while \output is active
\TU/lmr/m/sl/10 5.2.  IDENTIFYING, AGGREGATING AND APPRAISING THE EVIDENCE \TU/lmr/m/n/10 43
 []

[43] [44]
Overfull \hbox (10.07564pt too wide) has occurred while \output is active
\TU/lmr/m/sl/10 5.2.  IDENTIFYING, AGGREGATING AND APPRAISING THE EVIDENCE \TU/lmr/m/n/10 45
 []

[45] [46

] [47] [48

] [49]
Overfull \hbox (1.5pt too wide) in paragraph at lines 1625--1625
[]\TU/lmtt/m/n/10 ht            mother's height in inches to the last completed inch[] 
 []


Overfull \hbox (12.0pt too wide) in paragraph at lines 1625--1625
[]\TU/lmtt/m/n/10 ded           father's education, coding same as mother's education.[] 
 []

[50]
Overfull \hbox (33.0pt too wide) in paragraph at lines 1625--1625
[]\TU/lmtt/m/n/10 number        number of cigs smoked per day for past and current smokers[] 
 []


Underfull \hbox (badness 10000) in paragraph at lines 1638--1640

 []


Overfull \hbox (10.07564pt too wide) has occurred while \output is active
\TU/lmr/m/sl/10 5.2.  IDENTIFYING, AGGREGATING AND APPRAISING THE EVIDENCE \TU/lmr/m/n/10 51
 []

[51]
Overfull \hbox (38.25pt too wide) in paragraph at lines 1679--1679
[]\TU/lmtt/m/n/10 ##  [1] "id"        "date"      "gestation" "wt"        "parity"    "age"[] 
 []


Overfull \hbox (38.25pt too wide) in paragraph at lines 1679--1679
[]\TU/lmtt/m/n/10 ##  [7] "ed"        "ht"        "wt1"       "dage"      "ded"       "dht"[] 
 []


Overfull \hbox (43.5pt too wide) in paragraph at lines 1679--1679
[]\TU/lmtt/m/n/10 ## [13] "dwt"       "inc"       "smoke"     "time"      "number"    "race"[] 
 []

[52]
Overfull \hbox (10.07564pt too wide) has occurred while \output is active
\TU/lmr/m/sl/10 5.2.  IDENTIFYING, AGGREGATING AND APPRAISING THE EVIDENCE \TU/lmr/m/n/10 53
 []

[53] [54]
Overfull \hbox (43.5pt too wide) in paragraph at lines 1922--1922
[]\TU/lmtt/m/n/10 ##          divorced legally separated           married     never married[] 
 []


Overfull \hbox (43.5pt too wide) in paragraph at lines 1922--1922
[]\TU/lmtt/m/n/10 ##                 5                15              1208                 6[] 
 []


Overfull \hbox (10.07564pt too wide) has occurred while \output is active
\TU/lmr/m/sl/10 5.2.  IDENTIFYING, AGGREGATING AND APPRAISING THE EVIDENCE \TU/lmr/m/n/10 55
 []

[55]
Overfull \hbox (43.5pt too wide) in paragraph at lines 1937--1937
[]\TU/lmtt/m/n/10 ##          divorced legally separated           married     never married[] 
 []


Overfull \hbox (43.5pt too wide) in paragraph at lines 1937--1937
[]\TU/lmtt/m/n/10 ##       0.004045307       0.012135922       0.977346278       0.004854369[] 
 []


Overfull \hbox (43.5pt too wide) in paragraph at lines 1951--1951
[]\TU/lmtt/m/n/10 ##          divorced legally separated           married     never married[] 
 []


Overfull \hbox (43.5pt too wide) in paragraph at lines 1951--1951
[]\TU/lmtt/m/n/10 ##         0.4045307         1.2135922        97.7346278         0.4854369[] 
 []


Overfull \hbox (6.75pt too wide) in paragraph at lines 2053--2053
[]\TU/lmtt/m/n/10 ##  Min.   :  15   Length:1236        Min.   :148.0   Min.   : 55.0[] 
 []


Overfull \hbox (6.75pt too wide) in paragraph at lines 2053--2053
[]\TU/lmtt/m/n/10 ##  1st Qu.:5286   Class :character   1st Qu.:272.0   1st Qu.:108.8[] 
 []


Overfull \hbox (6.75pt too wide) in paragraph at lines 2053--2053
[]\TU/lmtt/m/n/10 ##  Median :6730   Mode  :character   Median :280.0   Median :120.0[] 
 []


Overfull \hbox (6.75pt too wide) in paragraph at lines 2053--2053
[]\TU/lmtt/m/n/10 ##  Mean   :6001                      Mean   :279.3   Mean   :119.6[] 
 []


Overfull \hbox (6.75pt too wide) in paragraph at lines 2053--2053
[]\TU/lmtt/m/n/10 ##  3rd Qu.:7583                      3rd Qu.:288.0   3rd Qu.:131.0[] 
 []


Overfull \hbox (6.75pt too wide) in paragraph at lines 2053--2053
[]\TU/lmtt/m/n/10 ##  Max.   :9263                      Max.   :353.0   Max.   :176.0[] 
 []


Overfull \hbox (1.5pt too wide) in paragraph at lines 2053--2053
[]\TU/lmtt/m/n/10 ##  Min.   : 0.000   Min.   :15.00   Min.   :0.000   Min.   :53.00[] 
 []


Overfull \hbox (1.5pt too wide) in paragraph at lines 2053--2053
[]\TU/lmtt/m/n/10 ##  1st Qu.: 0.000   1st Qu.:23.00   1st Qu.:2.000   1st Qu.:62.00[] 
 []


Overfull \hbox (1.5pt too wide) in paragraph at lines 2053--2053
[]\TU/lmtt/m/n/10 ##  Median : 1.000   Median :26.00   Median :2.000   Median :64.00[] 
 []


Overfull \hbox (1.5pt too wide) in paragraph at lines 2053--2053
[]\TU/lmtt/m/n/10 ##  Mean   : 1.932   Mean   :27.26   Mean   :2.916   Mean   :64.05[] 
 []

[56]
Overfull \hbox (1.5pt too wide) in paragraph at lines 2053--2053
[]\TU/lmtt/m/n/10 ##  3rd Qu.: 3.000   3rd Qu.:31.00   3rd Qu.:4.000   3rd Qu.:66.00[] 
 []


Overfull \hbox (1.5pt too wide) in paragraph at lines 2053--2053
[]\TU/lmtt/m/n/10 ##  Max.   :13.000   Max.   :45.00   Max.   :9.000   Max.   :72.00[] 
 []


Overfull \hbox (48.75pt too wide) in paragraph at lines 2053--2053
[]\TU/lmtt/m/n/10 ##       wt1             dage            ded             dht            dwt[] 
 []


Overfull \hbox (75.0pt too wide) in paragraph at lines 2053--2053
[]\TU/lmtt/m/n/10 ##  Min.   : 87.0   Min.   :18.00   Min.   :0.000   Min.   :60.0   Min.   :110.0[] 
 []


Overfull \hbox (75.0pt too wide) in paragraph at lines 2053--2053
[]\TU/lmtt/m/n/10 ##  1st Qu.:114.8   1st Qu.:25.00   1st Qu.:2.000   1st Qu.:68.0   1st Qu.:155.0[] 
 []


Overfull \hbox (75.0pt too wide) in paragraph at lines 2053--2053
[]\TU/lmtt/m/n/10 ##  Median :125.0   Median :29.00   Median :4.000   Median :71.0   Median :170.0[] 
 []


Overfull \hbox (75.0pt too wide) in paragraph at lines 2053--2053
[]\TU/lmtt/m/n/10 ##  Mean   :128.6   Mean   :30.35   Mean   :3.189   Mean   :70.2   Mean   :171.2[] 
 []


Overfull \hbox (75.0pt too wide) in paragraph at lines 2053--2053
[]\TU/lmtt/m/n/10 ##  3rd Qu.:139.0   3rd Qu.:34.00   3rd Qu.:5.000   3rd Qu.:72.0   3rd Qu.:185.0[] 
 []


Overfull \hbox (75.0pt too wide) in paragraph at lines 2053--2053
[]\TU/lmtt/m/n/10 ##  Max.   :250.0   Max.   :62.00   Max.   :9.000   Max.   :78.0   Max.   :260.0[] 
 []


Overfull \hbox (64.5pt too wide) in paragraph at lines 2053--2053
[]\TU/lmtt/m/n/10 ##  NA's   :36      NA's   :7                       NA's   :492    NA's   :499[] 
 []


Overfull \hbox (6.75pt too wide) in paragraph at lines 2053--2053
[]\TU/lmtt/m/n/10 ##  Min.   :0.000   Min.   :0.0000   Min.   :0.0000   Min.   :0.000[] 
 []


Overfull \hbox (6.75pt too wide) in paragraph at lines 2053--2053
[]\TU/lmtt/m/n/10 ##  1st Qu.:2.000   1st Qu.:0.0000   1st Qu.:0.0000   1st Qu.:0.000[] 
 []


Overfull \hbox (6.75pt too wide) in paragraph at lines 2053--2053
[]\TU/lmtt/m/n/10 ##  Median :3.000   Median :1.0000   Median :1.0000   Median :1.000[] 
 []


Overfull \hbox (6.75pt too wide) in paragraph at lines 2053--2053
[]\TU/lmtt/m/n/10 ##  Mean   :3.701   Mean   :0.8681   Mean   :0.9625   Mean   :1.825[] 
 []


Overfull \hbox (6.75pt too wide) in paragraph at lines 2053--2053
[]\TU/lmtt/m/n/10 ##  3rd Qu.:5.000   3rd Qu.:1.0000   3rd Qu.:1.0000   3rd Qu.:3.000[] 
 []


Overfull \hbox (6.75pt too wide) in paragraph at lines 2053--2053
[]\TU/lmtt/m/n/10 ##  Max.   :9.000   Max.   :9.0000   Max.   :9.0000   Max.   :9.000[] 
 []


Overfull \hbox (22.5pt too wide) in paragraph at lines 2053--2053
[]\TU/lmtt/m/n/10 ##      race             marital             drace               ddate[] 
 []


Overfull \hbox (43.5pt too wide) in paragraph at lines 2053--2053
[]\TU/lmtt/m/n/10 ##  Length:1236        Length:1236        Length:1236        Min.   : 1.00[] 
 []


Overfull \hbox (43.5pt too wide) in paragraph at lines 2053--2053
[]\TU/lmtt/m/n/10 ##  Class :character   Class :character   Class :character   1st Qu.: 8.00[] 
 []


Overfull \hbox (43.5pt too wide) in paragraph at lines 2053--2053
[]\TU/lmtt/m/n/10 ##  Mode  :character   Mode  :character   Mode  :character   Median :15.00[] 
 []


Overfull \hbox (43.5pt too wide) in paragraph at lines 2053--2053
[]\TU/lmtt/m/n/10 ##                                                           Mean   :15.37[] 
 []


Overfull \hbox (43.5pt too wide) in paragraph at lines 2053--2053
[]\TU/lmtt/m/n/10 ##                                                           3rd Qu.:23.00[] 
 []


Overfull \hbox (43.5pt too wide) in paragraph at lines 2053--2053
[]\TU/lmtt/m/n/10 ##                                                           Max.   :31.00[] 
 []


Overfull \hbox (48.75pt too wide) in paragraph at lines 2053--2053
[]\TU/lmtt/m/n/10 ##  smallBaby                  birthWeightCat  preterm             whenBorn[] 
 []


Overfull \hbox (54.0pt too wide) in paragraph at lines 2053--2053
[]\TU/lmtt/m/n/10 ##  Mode :logical   Small baby        :  58   Mode :logical   Preterm  :  97[] 
 []


Overfull \hbox (54.0pt too wide) in paragraph at lines 2053--2053
[]\TU/lmtt/m/n/10 ##  FALSE:1178      Normal weight baby:1033   FALSE:1126      Full-term:1126[] 
 []


Overfull \hbox (54.0pt too wide) in paragraph at lines 2053--2053
[]\TU/lmtt/m/n/10 ##  TRUE :58        Large baby        : 145   TRUE :97        NA's     :  13[] 
 []


Overfull \hbox (10.07564pt too wide) has occurred while \output is active
\TU/lmr/m/sl/10 5.2.  IDENTIFYING, AGGREGATING AND APPRAISING THE EVIDENCE \TU/lmr/m/n/10 57
 []

[57]
Overfull \hbox (38.25pt too wide) in paragraph at lines 2053--2053
[]\TU/lmtt/m/n/10 ##   whiteRace          dwhiteRace                  smokeCat     smokeNow[] 
 []


Overfull \hbox (43.5pt too wide) in paragraph at lines 2053--2053
[]\TU/lmtt/m/n/10 ##  Length:1236        Length:1236        Never smoker  :544   Length:1236[] 
 []


Overfull \hbox (69.75pt too wide) in paragraph at lines 2053--2053
[]\TU/lmtt/m/n/10 ##  Class :character   Class :character   Past smoker   :198   Class :character[] 
 []


Overfull \hbox (69.75pt too wide) in paragraph at lines 2053--2053
[]\TU/lmtt/m/n/10 ##  Mode  :character   Mode  :character   Current smoker:484   Mode  :character[] 
 []

[58]
Overfull \hbox (10.07564pt too wide) has occurred while \output is active
\TU/lmr/m/sl/10 5.2.  IDENTIFYING, AGGREGATING AND APPRAISING THE EVIDENCE \TU/lmr/m/n/10 59
 []

[59] [60]
Overfull \hbox (10.07564pt too wide) has occurred while \output is active
\TU/lmr/m/sl/10 5.2.  IDENTIFYING, AGGREGATING AND APPRAISING THE EVIDENCE \TU/lmr/m/n/10 61
 []

[61] [62]
Overfull \hbox (10.07564pt too wide) has occurred while \output is active
\TU/lmr/m/sl/10 5.2.  IDENTIFYING, AGGREGATING AND APPRAISING THE EVIDENCE \TU/lmr/m/n/10 63
 []

[63] [64]
Overfull \hbox (10.07564pt too wide) has occurred while \output is active
\TU/lmr/m/sl/10 5.2.  IDENTIFYING, AGGREGATING AND APPRAISING THE EVIDENCE \TU/lmr/m/n/10 65
 []

[65] (./Advanced-HTA.bbl [66] [67

]) [68] (./Advanced-HTA.aux)
Package rerunfilecheck Info: File `Advanced-HTA.out' has not changed.
(rerunfilecheck)             Checksum: 1F8C1B450A776E31AC096AA986275208;5646.
 ) 
Here is how much of TeX's memory you used:
 17742 strings out of 478256
 324466 string characters out of 5855705
 786283 words of memory out of 5000000
 38016 multiletter control sequences out of 15000+600000
 409921 words of font info for 85 fonts, out of 8000000 for 9000
 14 hyphenation exceptions out of 8191
 86i,8n,121p,934b,471s stack positions out of 5000i,500n,10000p,200000b,80000s

Output written on Advanced-HTA.pdf (68 pages).
